Using pre-set license
Built from '2021.1/staging' branch; Version is '2021.1.2f1 (e5d502d80fbb) revision 15062274'; Using compiler version '192528614'; Build Type 'Release'
OS: 'Windows 10 Home Single Language; OS build 19042.928; Version 2009; 64bit' Language: 'en' Physical Memory: 16277 MB
BatchMode: 1, IsHumanControllingUs: 0, StartBugReporterOnCrash: 0, Is64bit: 1, IsPro: 0

 COMMAND LINE ARGUMENTS:
C:\Users\Jeddles\Desktop\2021.1.2f1\Editor\Unity.exe
-adb2
-batchMode
-noUpm
-name
AssetImportWorker0
-projectPath
C:/Users/Jeddles/Desktop/ThiefGame - Copy (2) - Copy
-logFile
Logs/AssetImportWorker0.log
-srvPort
56432
Successfully changed project path to: C:/Users/Jeddles/Desktop/ThiefGame - Copy (2) - Copy
C:/Users/Jeddles/Desktop/ThiefGame - Copy (2) - Copy
Using Asset Import Pipeline V2.
Refreshing native plugins compatible for Editor in 54.69 ms, found 0 plugins.
Preloading 0 native plugins for Editor in 0.00 ms.
Initialize engine version: 2021.1.2f1 (e5d502d80fbb)
[Subsystems] Discovering subsystems at path C:/Users/Jeddles/Desktop/2021.1.2f1/Editor/Data/Resources/UnitySubsystems
[Subsystems] Discovering subsystems at path C:/Users/Jeddles/Desktop/ThiefGame - Copy (2) - Copy/Assets
GfxDevice: creating device client; threaded=0; jobified=0
Direct3D:
    Version:  Direct3D 11.0 [level 11.1]
    Renderer: Radeon RX 580 Series (ID=0x67df)
    Vendor:   ATI
    VRAM:     8171 MB
    Driver:   27.20.14535.3005
Shader 'Universal Render Pipeline/Particles/Lit': fallback shader 'Universal Render Pipeline/Particles/SimpleLit' not found
Initialize mono
Mono path[0] = 'C:/Users/Jeddles/Desktop/2021.1.2f1/Editor/Data/Managed'
Mono path[1] = 'C:/Users/Jeddles/Desktop/2021.1.2f1/Editor/Data/MonoBleedingEdge/lib/mono/unityjit'
Mono config path = 'C:/Users/Jeddles/Desktop/2021.1.2f1/Editor/Data/MonoBleedingEdge/etc'
Using monoOptions --debugger-agent=transport=dt_socket,embedding=1,server=y,suspend=n,address=127.0.0.1:56588
Begin MonoManager ReloadAssembly
Registering precompiled unity dll's ...
Register platform support module: C:/Users/Jeddles/Desktop/2021.1.2f1/Editor/Data/PlaybackEngines/WindowsStandaloneSupport/UnityEditor.WindowsStandalone.Extensions.dll
Registered in 0.003778 seconds.
Native extension for WindowsStandalone target not found
Refreshing native plugins compatible for Editor in 58.11 ms, found 0 plugins.
Preloading 0 native plugins for Editor in 0.00 ms.
Mono: successfully reloaded assembly
- Completed reload, in  2.065 seconds
Platform modules already initialized, skipping
Registering precompiled user dll's ...
Registered in 0.002433 seconds.
Begin MonoManager ReloadAssembly
Native extension for WindowsStandalone target not found
Refreshing native plugins compatible for Editor in 58.21 ms, found 0 plugins.
Preloading 0 native plugins for Editor in 0.00 ms.
Mono: successfully reloaded assembly
- Completed reload, in  1.194 seconds
Platform modules already initialized, skipping
========================================================================
Worker process is ready to serve import requests
Shader 'Universal Render Pipeline/Particles/Lit': fallback shader 'Universal Render Pipeline/Particles/SimpleLit' not found
Launched and connected shader compiler UnityShaderCompiler.exe after 0.07 seconds
Refreshing native plugins compatible for Editor in 0.57 ms, found 0 plugins.
Preloading 0 native plugins for Editor in 0.00 ms.
Unloading 2476 Unused Serialized files (Serialized files now loaded: 0)
System memory in use before: 120.2 MB.
System memory in use after: 120.4 MB.

Unloading 9 unused Assets to reduce memory usage. Loaded Objects now: 2936.
Total: 3.015300 ms (FindLiveObjects: 0.350200 ms CreateObjectMapping: 0.090100 ms MarkObjects: 2.497900 ms  DeleteObjects: 0.075800 ms)

========================================================================
Received Import Request.
  path: Assets/Scenes/SampleScene.unity
  artifactKey: Guid(9fc0d4010bbf28b4594072e72b8655ab) Importer(815301076,1909f56bfc062723c751e8b465ee728b)
Start importing Assets/Scenes/SampleScene.unity using Guid(9fc0d4010bbf28b4594072e72b8655ab) Importer(815301076,1909f56bfc062723c751e8b465ee728b)  -> (artifact id: 'b8655900a934154cf8726bab8f8458ed') in 0.020783 seconds 
========================================================================
Received Import Request.
  Time since last request: 144.990872 seconds.
  path: Assets/Crates And Barrels Pack Volume 1 - Free Version/Scenes
  artifactKey: Guid(2f15df16b95861b48bb1abd939f4db28) Importer(815301076,1909f56bfc062723c751e8b465ee728b)
Start importing Assets/Crates And Barrels Pack Volume 1 - Free Version/Scenes using Guid(2f15df16b95861b48bb1abd939f4db28) Importer(815301076,1909f56bfc062723c751e8b465ee728b)  -> (artifact id: '0e0e8c81600c9e23fc6de488ea7e5dc9') in 0.008168 seconds 
========================================================================
Received Import Request.
  Time since last request: 0.611176 seconds.
  path: Assets/Customizable Skybox/Scenes
  artifactKey: Guid(4c87f64bb2d3ca445ac1badce6b5c0d4) Importer(815301076,1909f56bfc062723c751e8b465ee728b)
Start importing Assets/Customizable Skybox/Scenes using Guid(4c87f64bb2d3ca445ac1badce6b5c0d4) Importer(815301076,1909f56bfc062723c751e8b465ee728b)  -> (artifact id: 'd2de08ab38aa8a72801789ae427a196f') in 0.002737 seconds 
========================================================================
Received Import Request.
  Time since last request: 0.359752 seconds.
  path: Assets/Simple Toon/Demo/Scenes
  artifactKey: Guid(1c4a4b017561548afa28ecc1817f9ac2) Importer(815301076,1909f56bfc062723c751e8b465ee728b)
Start importing Assets/Simple Toon/Demo/Scenes using Guid(1c4a4b017561548afa28ecc1817f9ac2) Importer(815301076,1909f56bfc062723c751e8b465ee728b)  -> (artifact id: '829520964786bc8e839616b605bc768e') in 0.002753 seconds 
========================================================================
Received Import Request.
  Time since last request: 0.359115 seconds.
  path: Assets/Scenes
  artifactKey: Guid(a2c9b0988d6102743abd4c2b354295e8) Importer(815301076,1909f56bfc062723c751e8b465ee728b)
Start importing Assets/Scenes using Guid(a2c9b0988d6102743abd4c2b354295e8) Importer(815301076,1909f56bfc062723c751e8b465ee728b)  -> (artifact id: '3c412e5ab4a7c5f10eaea51a87a038e1') in 0.002538 seconds 
========================================================================
Received Import Request.
  Time since last request: 0.385889 seconds.
  path: Assets/Desert_Buildings_Modular/Scenes
  artifactKey: Guid(cb299a4e60ffe5147b1e8fb54773e7f8) Importer(815301076,1909f56bfc062723c751e8b465ee728b)
Start importing Assets/Desert_Buildings_Modular/Scenes using Guid(cb299a4e60ffe5147b1e8fb54773e7f8) Importer(815301076,1909f56bfc062723c751e8b465ee728b)  -> (artifact id: '96eebe4c90b81b6c50b7eeb7c35abda4') in 0.002628 seconds 
========================================================================
Received Import Request.
  Time since last request: 0.411075 seconds.
  path: Assets/Darth_Artisan/Free_Trees/Scenes
  artifactKey: Guid(98e0572031ebf4a8aa53dbb5267597f0) Importer(815301076,1909f56bfc062723c751e8b465ee728b)
Start importing Assets/Darth_Artisan/Free_Trees/Scenes using Guid(98e0572031ebf4a8aa53dbb5267597f0) Importer(815301076,1909f56bfc062723c751e8b465ee728b)  -> (artifact id: 'a5368b6f4e52a194521ebf996642c936') in 0.002481 seconds 
========================================================================
Received Import Request.
  Time since last request: 0.420312 seconds.
  path: Assets/Crates And Barrels Pack Volume 1 - Free Version/Scenes/CratesBarrelsVol1_demoScene
  artifactKey: Guid(d7d259e306fb44fd3bd48eb7f65dec77) Importer(815301076,1909f56bfc062723c751e8b465ee728b)
Start importing Assets/Crates And Barrels Pack Volume 1 - Free Version/Scenes/CratesBarrelsVol1_demoScene using Guid(d7d259e306fb44fd3bd48eb7f65dec77) Importer(815301076,1909f56bfc062723c751e8b465ee728b)  -> (artifact id: '50089cc69463bd1cedf1193a22a40a3c') in 0.007886 seconds 
========================================================================
Received Import Request.
  Time since last request: 10.560555 seconds.
  path: Assets/Prefabs/Crate1.prefab
  artifactKey: Guid(deac685c6dd41114eb44c1dec5b21280) Importer(815301076,1909f56bfc062723c751e8b465ee728b)
Start importing Assets/Prefabs/Crate1.prefab using Guid(deac685c6dd41114eb44c1dec5b21280) Importer(815301076,1909f56bfc062723c751e8b465ee728b)  -> (artifact id: '278e68c252ab8298d5bf1a7980494b1d') in 0.609494 seconds 
========================================================================
Received Import Request.
  Time since last request: 3.521355 seconds.
  path: Assets/Scripts/AIMove.cs
  artifactKey: Guid(ae93eb79db19a70408ec9923c0580b04) Importer(815301076,1909f56bfc062723c751e8b465ee728b)
Start importing Assets/Scripts/AIMove.cs using Guid(ae93eb79db19a70408ec9923c0580b04) Importer(815301076,1909f56bfc062723c751e8b465ee728b)  -> (artifact id: '726542b5579778d788a96ee7ea7d2347') in 0.017983 seconds 
========================================================================
Received Prepare
Registering precompiled user dll's ...
Registered in 0.001131 seconds.
Begin MonoManager ReloadAssembly
Native extension for WindowsStandalone target not found
Refreshing native plugins compatible for Editor in 0.51 ms, found 0 plugins.
Preloading 0 native plugins for Editor in 0.00 ms.
Mono: successfully reloaded assembly
- Completed reload, in  1.025 seconds
Platform modules already initialized, skipping
Shader 'Universal Render Pipeline/Particles/Lit': fallback shader 'Universal Render Pipeline/Particles/SimpleLit' not found
Refreshing native plugins compatible for Editor in 0.45 ms, found 0 plugins.
Preloading 0 native plugins for Editor in 0.00 ms.
Unloading 2350 Unused Serialized files (Serialized files now loaded: 0)
System memory in use before: 117.3 MB.
System memory in use after: 117.5 MB.

Unloading 4 unused Assets to reduce memory usage. Loaded Objects now: 2984.
Total: 2.493900 ms (FindLiveObjects: 0.272200 ms CreateObjectMapping: 0.074600 ms MarkObjects: 2.130600 ms  DeleteObjects: 0.015400 ms)

========================================================================
Received Import Request.
  Time since last request: 78.960121 seconds.
  path: Assets/Scripts/Mentor.cs
  artifactKey: Guid(8e772e7cf10d3cd49ade83363c893ad3) Importer(815301076,1909f56bfc062723c751e8b465ee728b)
Start importing Assets/Scripts/Mentor.cs using Guid(8e772e7cf10d3cd49ade83363c893ad3) Importer(815301076,1909f56bfc062723c751e8b465ee728b)  -> (artifact id: '1595d4a55dadef78ab9d144d28e433e5') in 0.011226 seconds 
========================================================================
Received Import Request.
  Time since last request: 0.926258 seconds.
  path: Assets/Scripts/Player.cs
  artifactKey: Guid(30ece3b8516fc7144a05a2174dd6eeeb) Importer(815301076,1909f56bfc062723c751e8b465ee728b)
Start importing Assets/Scripts/Player.cs using Guid(30ece3b8516fc7144a05a2174dd6eeeb) Importer(815301076,1909f56bfc062723c751e8b465ee728b)  -> (artifact id: 'dbec6c13d0874edfbadd428c7639e229') in 0.007396 seconds 
========================================================================
Received Import Request.
  Time since last request: 0.547084 seconds.
  path: Assets/Scripts/TargetMugShot.cs
  artifactKey: Guid(16f299febad615d40a0566c535c248a8) Importer(815301076,1909f56bfc062723c751e8b465ee728b)
Start importing Assets/Scripts/TargetMugShot.cs using Guid(16f299febad615d40a0566c535c248a8) Importer(815301076,1909f56bfc062723c751e8b465ee728b)  -> (artifact id: 'f1b5da86418491f97eb458a10a0c3aca') in 0.008227 seconds 
========================================================================
Received Import Request.
  Time since last request: 0.996421 seconds.
  path: Assets/Scripts/Pocket.cs
  artifactKey: Guid(c8ea03636c7364f4aa123d40c7e34911) Importer(815301076,1909f56bfc062723c751e8b465ee728b)
Start importing Assets/Scripts/Pocket.cs using Guid(c8ea03636c7364f4aa123d40c7e34911) Importer(815301076,1909f56bfc062723c751e8b465ee728b)  -> (artifact id: '9dd4fa2c6a0b6e88e64c1df5cfbce05e') in 0.008021 seconds 
========================================================================
Received Import Request.
  Time since last request: 0.529833 seconds.
  path: Assets/Scripts/MovePassport.cs
  artifactKey: Guid(37281c3871927cb4cbcbc2907aea460b) Importer(815301076,1909f56bfc062723c751e8b465ee728b)
Start importing Assets/Scripts/MovePassport.cs using Guid(37281c3871927cb4cbcbc2907aea460b) Importer(815301076,1909f56bfc062723c751e8b465ee728b)  -> (artifact id: '168b10d2389029ef4ff754851cb7312e') in 0.007958 seconds 
========================================================================
Received Import Request.
  Time since last request: 0.536032 seconds.
  path: Assets/Scripts/ItemsForPocket.cs
  artifactKey: Guid(50bb84412dd0d4d499b7bd63ba685f53) Importer(815301076,1909f56bfc062723c751e8b465ee728b)
Start importing Assets/Scripts/ItemsForPocket.cs using Guid(50bb84412dd0d4d499b7bd63ba685f53) Importer(815301076,1909f56bfc062723c751e8b465ee728b)  -> (artifact id: '6334a5759a16e3f8fe3f1c8dbf19803a') in 0.009885 seconds 
========================================================================
Received Import Request.
  Time since last request: 0.686020 seconds.
  path: Assets/Scripts/AI.cs
  artifactKey: Guid(624d15b3f521e72458fafde812187935) Importer(815301076,1909f56bfc062723c751e8b465ee728b)
Start importing Assets/Scripts/AI.cs using Guid(624d15b3f521e72458fafde812187935) Importer(815301076,1909f56bfc062723c751e8b465ee728b)  -> (artifact id: '61f369848665ded4dfd942f084297daf') in 0.008241 seconds 
========================================================================
Received Prepare
Registering precompiled user dll's ...
Registered in 0.001003 seconds.
Begin MonoManager ReloadAssembly
Native extension for WindowsStandalone target not found
Refreshing native plugins compatible for Editor in 0.45 ms, found 0 plugins.
Preloading 0 native plugins for Editor in 0.00 ms.
Mono: successfully reloaded assembly
- Completed reload, in  0.990 seconds
Platform modules already initialized, skipping
Shader 'Universal Render Pipeline/Particles/Lit': fallback shader 'Universal Render Pipeline/Particles/SimpleLit' not found
Refreshing native plugins compatible for Editor in 0.46 ms, found 0 plugins.
Preloading 0 native plugins for Editor in 0.00 ms.
Unloading 2350 Unused Serialized files (Serialized files now loaded: 0)
System memory in use before: 117.2 MB.
System memory in use after: 117.5 MB.

Unloading 4 unused Assets to reduce memory usage. Loaded Objects now: 2987.
Total: 2.620200 ms (FindLiveObjects: 0.272500 ms CreateObjectMapping: 0.070300 ms MarkObjects: 2.260400 ms  DeleteObjects: 0.015700 ms)

========================================================================
Received Prepare
Registering precompiled user dll's ...
Registered in 0.001152 seconds.
Begin MonoManager ReloadAssembly
Native extension for WindowsStandalone target not found
Refreshing native plugins compatible for Editor in 0.47 ms, found 0 plugins.
Preloading 0 native plugins for Editor in 0.00 ms.
Mono: successfully reloaded assembly
- Completed reload, in  1.014 seconds
Platform modules already initialized, skipping
Shader 'Universal Render Pipeline/Particles/Lit': fallback shader 'Universal Render Pipeline/Particles/SimpleLit' not found
Refreshing native plugins compatible for Editor in 0.45 ms, found 0 plugins.
Preloading 0 native plugins for Editor in 0.00 ms.
Unloading 2350 Unused Serialized files (Serialized files now loaded: 0)
System memory in use before: 117.3 MB.
System memory in use after: 117.5 MB.

Unloading 4 unused Assets to reduce memory usage. Loaded Objects now: 2990.
Total: 2.356000 ms (FindLiveObjects: 0.270500 ms CreateObjectMapping: 0.066900 ms MarkObjects: 2.003000 ms  DeleteObjects: 0.014300 ms)

========================================================================
Received Prepare
Registering precompiled user dll's ...
Registered in 0.001061 seconds.
Begin MonoManager ReloadAssembly
Native extension for WindowsStandalone target not found
Refreshing native plugins compatible for Editor in 0.45 ms, found 0 plugins.
Preloading 0 native plugins for Editor in 0.00 ms.
Mono: successfully reloaded assembly
- Completed reload, in  1.005 seconds
Platform modules already initialized, skipping
Shader 'Universal Render Pipeline/Particles/Lit': fallback shader 'Universal Render Pipeline/Particles/SimpleLit' not found
Refreshing native plugins compatible for Editor in 0.47 ms, found 0 plugins.
Preloading 0 native plugins for Editor in 0.00 ms.
Unloading 2350 Unused Serialized files (Serialized files now loaded: 0)
System memory in use before: 117.3 MB.
System memory in use after: 117.5 MB.

Unloading 4 unused Assets to reduce memory usage. Loaded Objects now: 2993.
Total: 2.527700 ms (FindLiveObjects: 0.265500 ms CreateObjectMapping: 0.078000 ms MarkObjects: 2.169200 ms  DeleteObjects: 0.014000 ms)

========================================================================
Received Prepare
Registering precompiled user dll's ...
Registered in 0.001263 seconds.
Begin MonoManager ReloadAssembly
Native extension for WindowsStandalone target not found
Refreshing native plugins compatible for Editor in 0.45 ms, found 0 plugins.
Preloading 0 native plugins for Editor in 0.00 ms.
Mono: successfully reloaded assembly
- Completed reload, in  1.061 seconds
Platform modules already initialized, skipping
Shader 'Universal Render Pipeline/Particles/Lit': fallback shader 'Universal Render Pipeline/Particles/SimpleLit' not found
Refreshing native plugins compatible for Editor in 0.80 ms, found 0 plugins.
Preloading 0 native plugins for Editor in 0.00 ms.
Unloading 2350 Unused Serialized files (Serialized files now loaded: 0)
System memory in use before: 117.2 MB.
System memory in use after: 117.4 MB.

Unloading 4 unused Assets to reduce memory usage. Loaded Objects now: 2996.
Total: 2.648500 ms (FindLiveObjects: 0.311300 ms CreateObjectMapping: 0.073200 ms MarkObjects: 2.249400 ms  DeleteObjects: 0.013400 ms)

========================================================================
Received Prepare
Registering precompiled user dll's ...
Registered in 0.001024 seconds.
Begin MonoManager ReloadAssembly
Native extension for WindowsStandalone target not found
Refreshing native plugins compatible for Editor in 0.48 ms, found 0 plugins.
Preloading 0 native plugins for Editor in 0.00 ms.
Mono: successfully reloaded assembly
- Completed reload, in  0.973 seconds
Platform modules already initialized, skipping
Shader 'Universal Render Pipeline/Particles/Lit': fallback shader 'Universal Render Pipeline/Particles/SimpleLit' not found
Refreshing native plugins compatible for Editor in 0.50 ms, found 0 plugins.
Preloading 0 native plugins for Editor in 0.00 ms.
Unloading 2350 Unused Serialized files (Serialized files now loaded: 0)
System memory in use before: 117.3 MB.
System memory in use after: 117.5 MB.

Unloading 4 unused Assets to reduce memory usage. Loaded Objects now: 2999.
Total: 2.636400 ms (FindLiveObjects: 0.260000 ms CreateObjectMapping: 0.065200 ms MarkObjects: 2.292900 ms  DeleteObjects: 0.017000 ms)

========================================================================
Received Prepare
Registering precompiled user dll's ...
Registered in 0.000991 seconds.
Begin MonoManager ReloadAssembly
Native extension for WindowsStandalone target not found
Refreshing native plugins compatible for Editor in 0.45 ms, found 0 plugins.
Preloading 0 native plugins for Editor in 0.00 ms.
Mono: successfully reloaded assembly
- Completed reload, in  0.969 seconds
Platform modules already initialized, skipping
Shader 'Universal Render Pipeline/Particles/Lit': fallback shader 'Universal Render Pipeline/Particles/SimpleLit' not found
Refreshing native plugins compatible for Editor in 0.51 ms, found 0 plugins.
Preloading 0 native plugins for Editor in 0.00 ms.
Unloading 2350 Unused Serialized files (Serialized files now loaded: 0)
System memory in use before: 117.3 MB.
System memory in use after: 117.5 MB.

Unloading 4 unused Assets to reduce memory usage. Loaded Objects now: 3002.
Total: 2.432100 ms (FindLiveObjects: 0.255500 ms CreateObjectMapping: 0.068000 ms MarkObjects: 2.094900 ms  DeleteObjects: 0.012700 ms)

========================================================================
Received Prepare
Registering precompiled user dll's ...
Registered in 0.001039 seconds.
Begin MonoManager ReloadAssembly
Native extension for WindowsStandalone target not found
Refreshing native plugins compatible for Editor in 0.45 ms, found 0 plugins.
Preloading 0 native plugins for Editor in 0.00 ms.
Mono: successfully reloaded assembly
- Completed reload, in  0.979 seconds
Platform modules already initialized, skipping
Shader 'Universal Render Pipeline/Particles/Lit': fallback shader 'Universal Render Pipeline/Particles/SimpleLit' not found
Refreshing native plugins compatible for Editor in 0.50 ms, found 0 plugins.
Preloading 0 native plugins for Editor in 0.00 ms.
Unloading 2350 Unused Serialized files (Serialized files now loaded: 0)
System memory in use before: 117.3 MB.
System memory in use after: 117.5 MB.

Unloading 4 unused Assets to reduce memory usage. Loaded Objects now: 3005.
Total: 2.723200 ms (FindLiveObjects: 0.298900 ms CreateObjectMapping: 0.073800 ms MarkObjects: 2.331800 ms  DeleteObjects: 0.017400 ms)

========================================================================
Received Prepare
Registering precompiled user dll's ...
Registered in 0.001643 seconds.
Begin MonoManager ReloadAssembly
Native extension for WindowsStandalone target not found
Refreshing native plugins compatible for Editor in 0.64 ms, found 0 plugins.
Preloading 0 native plugins for Editor in 0.00 ms.
Mono: successfully reloaded assembly
- Completed reload, in  1.066 seconds
Platform modules already initialized, skipping
Shader 'Universal Render Pipeline/Particles/Lit': fallback shader 'Universal Render Pipeline/Particles/SimpleLit' not found
Refreshing native plugins compatible for Editor in 0.45 ms, found 0 plugins.
Preloading 0 native plugins for Editor in 0.00 ms.
Unloading 2350 Unused Serialized files (Serialized files now loaded: 0)
System memory in use before: 117.3 MB.
System memory in use after: 117.5 MB.

Unloading 4 unused Assets to reduce memory usage. Loaded Objects now: 3008.
Total: 2.539400 ms (FindLiveObjects: 0.283400 ms CreateObjectMapping: 0.074100 ms MarkObjects: 2.167700 ms  DeleteObjects: 0.013300 ms)

========================================================================
Received Prepare
Registering precompiled user dll's ...
Registered in 0.001230 seconds.
Begin MonoManager ReloadAssembly
Native extension for WindowsStandalone target not found
Refreshing native plugins compatible for Editor in 0.70 ms, found 0 plugins.
Preloading 0 native plugins for Editor in 0.00 ms.
Mono: successfully reloaded assembly
- Completed reload, in  1.072 seconds
Platform modules already initialized, skipping
Shader 'Universal Render Pipeline/Particles/Lit': fallback shader 'Universal Render Pipeline/Particles/SimpleLit' not found
Refreshing native plugins compatible for Editor in 0.68 ms, found 0 plugins.
Preloading 0 native plugins for Editor in 0.00 ms.
Unloading 2350 Unused Serialized files (Serialized files now loaded: 0)
System memory in use before: 117.2 MB.
System memory in use after: 117.5 MB.

Unloading 4 unused Assets to reduce memory usage. Loaded Objects now: 3011.
Total: 2.629400 ms (FindLiveObjects: 0.343800 ms CreateObjectMapping: 0.099700 ms MarkObjects: 2.171400 ms  DeleteObjects: 0.012700 ms)

========================================================================
Received Import Request.
  Time since last request: 1259.169872 seconds.
  path: Assets/Scripts
  artifactKey: Guid(1e0115d2337b5264ca1713bb96d4d745) Importer(815301076,1909f56bfc062723c751e8b465ee728b)
Start importing Assets/Scripts using Guid(1e0115d2337b5264ca1713bb96d4d745) Importer(815301076,1909f56bfc062723c751e8b465ee728b)  -> (artifact id: '2d8e4c7d416cd6ea1b90c00c8efc78b8') in 0.012596 seconds 
========================================================================
Received Import Request.
  Time since last request: 9.417441 seconds.
  path: Assets/Scripts/WinOrLose.cs
  artifactKey: Guid(ede19e5289dcbf44da149b193a709388) Importer(815301076,1909f56bfc062723c751e8b465ee728b)
Start importing Assets/Scripts/WinOrLose.cs using Guid(ede19e5289dcbf44da149b193a709388) Importer(815301076,1909f56bfc062723c751e8b465ee728b)  -> (artifact id: 'ed9d8f69c3b1f20a34491c4a1437c813') in 0.008653 seconds 
========================================================================
Received Prepare
Registering precompiled user dll's ...
Registered in 0.001046 seconds.
Begin MonoManager ReloadAssembly
Native extension for WindowsStandalone target not found
Refreshing native plugins compatible for Editor in 0.44 ms, found 0 plugins.
Preloading 0 native plugins for Editor in 0.00 ms.
Mono: successfully reloaded assembly
- Completed reload, in  0.982 seconds
Platform modules already initialized, skipping
Shader 'Universal Render Pipeline/Particles/Lit': fallback shader 'Universal Render Pipeline/Particles/SimpleLit' not found
Refreshing native plugins compatible for Editor in 0.44 ms, found 0 plugins.
Preloading 0 native plugins for Editor in 0.00 ms.
Unloading 2351 Unused Serialized files (Serialized files now loaded: 0)
System memory in use before: 117.4 MB.
System memory in use after: 117.6 MB.

Unloading 4 unused Assets to reduce memory usage. Loaded Objects now: 3015.
Total: 2.447800 ms (FindLiveObjects: 0.306100 ms CreateObjectMapping: 0.071700 ms MarkObjects: 2.056100 ms  DeleteObjects: 0.012800 ms)

========================================================================
Received Prepare
Registering precompiled user dll's ...
Registered in 0.001012 seconds.
Begin MonoManager ReloadAssembly
Native extension for WindowsStandalone target not found
Refreshing native plugins compatible for Editor in 0.45 ms, found 0 plugins.
Preloading 0 native plugins for Editor in 0.00 ms.
Mono: successfully reloaded assembly
- Completed reload, in  0.968 seconds
Platform modules already initialized, skipping
Shader 'Universal Render Pipeline/Particles/Lit': fallback shader 'Universal Render Pipeline/Particles/SimpleLit' not found
Refreshing native plugins compatible for Editor in 0.46 ms, found 0 plugins.
Preloading 0 native plugins for Editor in 0.00 ms.
Unloading 2351 Unused Serialized files (Serialized files now loaded: 0)
System memory in use before: 117.4 MB.
System memory in use after: 117.6 MB.

Unloading 4 unused Assets to reduce memory usage. Loaded Objects now: 3018.
Total: 3.162900 ms (FindLiveObjects: 0.374300 ms CreateObjectMapping: 0.122300 ms MarkObjects: 2.647700 ms  DeleteObjects: 0.017300 ms)

========================================================================
Received Import Request.
  Time since last request: 166.142001 seconds.
  path: Assets/Scripts/WinOrLose.cs
  artifactKey: Guid(ede19e5289dcbf44da149b193a709388) Importer(815301076,1909f56bfc062723c751e8b465ee728b)
Start importing Assets/Scripts/WinOrLose.cs using Guid(ede19e5289dcbf44da149b193a709388) Importer(815301076,1909f56bfc062723c751e8b465ee728b)  -> (artifact id: '0143e7ef6ba7716ee6d85c2012441a8e') in 0.005919 seconds 
========================================================================
Received Prepare
Registering precompiled user dll's ...
Registered in 0.001047 seconds.
Begin MonoManager ReloadAssembly
Native extension for WindowsStandalone target not found
Refreshing native plugins compatible for Editor in 0.52 ms, found 0 plugins.
Preloading 0 native plugins for Editor in 0.00 ms.
Mono: successfully reloaded assembly
- Completed reload, in  0.969 seconds
Platform modules already initialized, skipping
Shader 'Universal Render Pipeline/Particles/Lit': fallback shader 'Universal Render Pipeline/Particles/SimpleLit' not found
Refreshing native plugins compatible for Editor in 0.51 ms, found 0 plugins.
Preloading 0 native plugins for Editor in 0.00 ms.
Unloading 2351 Unused Serialized files (Serialized files now loaded: 0)
System memory in use before: 117.4 MB.
System memory in use after: 117.6 MB.

Unloading 4 unused Assets to reduce memory usage. Loaded Objects now: 3021.
Total: 3.605300 ms (FindLiveObjects: 0.402800 ms CreateObjectMapping: 0.187700 ms MarkObjects: 2.997000 ms  DeleteObjects: 0.016600 ms)

========================================================================
Received Prepare
Registering precompiled user dll's ...
Registered in 0.001121 seconds.
Begin MonoManager ReloadAssembly
Native extension for WindowsStandalone target not found
Refreshing native plugins compatible for Editor in 0.47 ms, found 0 plugins.
Preloading 0 native plugins for Editor in 0.00 ms.
Mono: successfully reloaded assembly
- Completed reload, in  0.970 seconds
Platform modules already initialized, skipping
Shader 'Universal Render Pipeline/Particles/Lit': fallback shader 'Universal Render Pipeline/Particles/SimpleLit' not found
Refreshing native plugins compatible for Editor in 0.46 ms, found 0 plugins.
Preloading 0 native plugins for Editor in 0.00 ms.
Unloading 2351 Unused Serialized files (Serialized files now loaded: 0)
System memory in use before: 117.4 MB.
System memory in use after: 117.6 MB.

Unloading 4 unused Assets to reduce memory usage. Loaded Objects now: 3024.
Total: 2.469700 ms (FindLiveObjects: 0.287900 ms CreateObjectMapping: 0.070300 ms MarkObjects: 2.097300 ms  DeleteObjects: 0.013000 ms)

========================================================================
Received Import Request.
  Time since last request: 130.203048 seconds.
  path: Assets/Scenes/Floor.mat
  artifactKey: Guid(745f8159f406b274193a746359bafe4e) Importer(815301076,1909f56bfc062723c751e8b465ee728b)
Start importing Assets/Scenes/Floor.mat using Guid(745f8159f406b274193a746359bafe4e) Importer(815301076,1909f56bfc062723c751e8b465ee728b)  -> (artifact id: '96f8baf9663373c0de19dfb275317aef') in 0.417650 seconds 
========================================================================
Received Import Request.
  Time since last request: 0.000212 seconds.
  path: Assets/Scenes/Tomato.png
  artifactKey: Guid(94dd91564133a7544aed0f86f3193029) Importer(815301076,1909f56bfc062723c751e8b465ee728b)
Start importing Assets/Scenes/Tomato.png using Guid(94dd91564133a7544aed0f86f3193029) Importer(815301076,1909f56bfc062723c751e8b465ee728b)  -> (artifact id: 'c3de039456c5f62cbec8b5b76e0f1801') in 0.097136 seconds 
========================================================================
Received Import Request.
  Time since last request: 0.000231 seconds.
  path: Assets/Scenes/Shirt2.mat
  artifactKey: Guid(d22d5dc5d2f41f145b5de2406d409317) Importer(815301076,1909f56bfc062723c751e8b465ee728b)
Start importing Assets/Scenes/Shirt2.mat using Guid(d22d5dc5d2f41f145b5de2406d409317) Importer(815301076,1909f56bfc062723c751e8b465ee728b)  -> (artifact id: 'ba5441f570ff315d51a2b2ff95aa3a01') in 0.015975 seconds 
========================================================================
Received Import Request.
  Time since last request: 0.000214 seconds.
  path: Assets/Scenes/Shirt1.mat
  artifactKey: Guid(72132224d42b5674b920aead8a9cf756) Importer(815301076,1909f56bfc062723c751e8b465ee728b)
Start importing Assets/Scenes/Shirt1.mat using Guid(72132224d42b5674b920aead8a9cf756) Importer(815301076,1909f56bfc062723c751e8b465ee728b)  -> (artifact id: '6331159f6aa3b35b666fa0367c339b82') in 0.016510 seconds 
========================================================================
Received Import Request.
  Time since last request: 0.000244 seconds.
  path: Assets/Scenes/UniversalRenderPipelineAsset.asset
  artifactKey: Guid(15ed6f9df6425ed42ae605f491d02e67) Importer(815301076,1909f56bfc062723c751e8b465ee728b)
Start importing Assets/Scenes/UniversalRenderPipelineAsset.asset using Guid(15ed6f9df6425ed42ae605f491d02e67) Importer(815301076,1909f56bfc062723c751e8b465ee728b)  -> (artifact id: '22a51354dfc5de11a755896a1eca1409') in 0.010709 seconds 
========================================================================
Received Import Request.
  Time since last request: 0.000201 seconds.
  path: Assets/Scenes/UniversalRenderPipelineAsset_Renderer.asset
  artifactKey: Guid(a476a42105955564cbdc53c887f99328) Importer(815301076,1909f56bfc062723c751e8b465ee728b)
Start importing Assets/Scenes/UniversalRenderPipelineAsset_Renderer.asset using Guid(a476a42105955564cbdc53c887f99328) Importer(815301076,1909f56bfc062723c751e8b465ee728b)  -> (artifact id: 'd6bd8801b72d941da482cea5b96ea841') in 0.008431 seconds 
========================================================================
Received Import Request.
  Time since last request: 16.669359 seconds.
  path: Assets/Scenes/Win.unity
  artifactKey: Guid(b2c2afc53b588334984b13cdb5a6ad37) Importer(815301076,1909f56bfc062723c751e8b465ee728b)
Start importing Assets/Scenes/Win.unity using Guid(b2c2afc53b588334984b13cdb5a6ad37) Importer(815301076,1909f56bfc062723c751e8b465ee728b)  -> (artifact id: 'a306bc53e3ce9c5d202f37d56a1b24f6') in 0.008186 seconds 
========================================================================
Received Import Request.
  Time since last request: 175.906792 seconds.
  path: Assets/Scenes/You lose.unity
  artifactKey: Guid(ece353f66f8fb56428953869e3ffa9df) Importer(815301076,1909f56bfc062723c751e8b465ee728b)
Start importing Assets/Scenes/You lose.unity using Guid(ece353f66f8fb56428953869e3ffa9df) Importer(815301076,1909f56bfc062723c751e8b465ee728b)  -> (artifact id: 'f7efb30973ff2f60f3b105f3dde4b10b') in 0.009449 seconds 
========================================================================
Received Import Request.
  Time since last request: 8.975901 seconds.
  path: Assets/Scenes/Win.unity
  artifactKey: Guid(b2c2afc53b588334984b13cdb5a6ad37) Importer(815301076,1909f56bfc062723c751e8b465ee728b)
Start importing Assets/Scenes/Win.unity using Guid(b2c2afc53b588334984b13cdb5a6ad37) Importer(815301076,1909f56bfc062723c751e8b465ee728b)  -> (artifact id: '7277f1578a9366d6c7d1ed2bb84768d3') in 0.003041 seconds 
========================================================================
Received Prepare
Registering precompiled user dll's ...
Registered in 0.001069 seconds.
Begin MonoManager ReloadAssembly
Native extension for WindowsStandalone target not found
Refreshing native plugins compatible for Editor in 0.48 ms, found 0 plugins.
Preloading 0 native plugins for Editor in 0.00 ms.
Mono: successfully reloaded assembly
- Completed reload, in  0.982 seconds
Platform modules already initialized, skipping
Shader 'Universal Render Pipeline/Particles/Lit': fallback shader 'Universal Render Pipeline/Particles/SimpleLit' not found
Refreshing native plugins compatible for Editor in 0.44 ms, found 0 plugins.
Preloading 0 native plugins for Editor in 0.00 ms.
Unloading 2354 Unused Serialized files (Serialized files now loaded: 0)
System memory in use before: 121.4 MB.
System memory in use after: 121.6 MB.

Unloading 6 unused Assets to reduce memory usage. Loaded Objects now: 3114.
Total: 2.950200 ms (FindLiveObjects: 0.278100 ms CreateObjectMapping: 0.071300 ms MarkObjects: 2.294300 ms  DeleteObjects: 0.304800 ms)

========================================================================
Received Prepare
Registering precompiled user dll's ...
Registered in 0.001095 seconds.
Begin MonoManager ReloadAssembly
Native extension for WindowsStandalone target not found
Refreshing native plugins compatible for Editor in 0.45 ms, found 0 plugins.
Preloading 0 native plugins for Editor in 0.00 ms.
Mono: successfully reloaded assembly
- Completed reload, in  0.989 seconds
Platform modules already initialized, skipping
Shader 'Universal Render Pipeline/Particles/Lit': fallback shader 'Universal Render Pipeline/Particles/SimpleLit' not found
Refreshing native plugins compatible for Editor in 0.46 ms, found 0 plugins.
Preloading 0 native plugins for Editor in 0.00 ms.
Unloading 2351 Unused Serialized files (Serialized files now loaded: 0)
System memory in use before: 121.4 MB.
System memory in use after: 121.6 MB.

Unloading 4 unused Assets to reduce memory usage. Loaded Objects now: 3117.
Total: 2.684400 ms (FindLiveObjects: 0.366100 ms CreateObjectMapping: 0.077600 ms MarkObjects: 2.225300 ms  DeleteObjects: 0.014200 ms)

========================================================================
Received Import Request.
  Time since last request: 158.148687 seconds.
  path: Assets/Scenes/Restart.cs
  artifactKey: Guid(4de24e45d4506444f963fc8c27be9cb3) Importer(815301076,1909f56bfc062723c751e8b465ee728b)
Start importing Assets/Scenes/Restart.cs using Guid(4de24e45d4506444f963fc8c27be9cb3) Importer(815301076,1909f56bfc062723c751e8b465ee728b)  -> (artifact id: '01537e49513399edb0192d873ad765ff') in 0.011149 seconds 
========================================================================
Received Prepare
Registering precompiled user dll's ...
Registered in 0.001039 seconds.
Begin MonoManager ReloadAssembly
Native extension for WindowsStandalone target not found
Refreshing native plugins compatible for Editor in 0.46 ms, found 0 plugins.
Preloading 0 native plugins for Editor in 0.00 ms.
Mono: successfully reloaded assembly
- Completed reload, in  0.989 seconds
Platform modules already initialized, skipping
Shader 'Universal Render Pipeline/Particles/Lit': fallback shader 'Universal Render Pipeline/Particles/SimpleLit' not found
Refreshing native plugins compatible for Editor in 0.52 ms, found 0 plugins.
Preloading 0 native plugins for Editor in 0.00 ms.
Unloading 2352 Unused Serialized files (Serialized files now loaded: 0)
System memory in use before: 121.3 MB.
System memory in use after: 121.6 MB.

Unloading 4 unused Assets to reduce memory usage. Loaded Objects now: 3121.
Total: 2.683100 ms (FindLiveObjects: 0.281600 ms CreateObjectMapping: 0.072800 ms MarkObjects: 2.311900 ms  DeleteObjects: 0.015900 ms)

========================================================================
Received Prepare
Registering precompiled user dll's ...
Registered in 0.001086 seconds.
Begin MonoManager ReloadAssembly
Native extension for WindowsStandalone target not found
Refreshing native plugins compatible for Editor in 0.45 ms, found 0 plugins.
Preloading 0 native plugins for Editor in 0.00 ms.
Mono: successfully reloaded assembly
- Completed reload, in  0.980 seconds
Platform modules already initialized, skipping
Shader 'Universal Render Pipeline/Particles/Lit': fallback shader 'Universal Render Pipeline/Particles/SimpleLit' not found
Refreshing native plugins compatible for Editor in 0.92 ms, found 0 plugins.
Preloading 0 native plugins for Editor in 0.00 ms.
Unloading 2352 Unused Serialized files (Serialized files now loaded: 0)
System memory in use before: 121.3 MB.
System memory in use after: 121.6 MB.

Unloading 4 unused Assets to reduce memory usage. Loaded Objects now: 3124.
Total: 2.759600 ms (FindLiveObjects: 0.283300 ms CreateObjectMapping: 0.080600 ms MarkObjects: 2.374100 ms  DeleteObjects: 0.020300 ms)

========================================================================
Received Import Request.
  Time since last request: 74.362549 seconds.
  path: Assets/Scenes/Restart.cs
  artifactKey: Guid(4de24e45d4506444f963fc8c27be9cb3) Importer(815301076,1909f56bfc062723c751e8b465ee728b)
Start importing Assets/Scenes/Restart.cs using Guid(4de24e45d4506444f963fc8c27be9cb3) Importer(815301076,1909f56bfc062723c751e8b465ee728b)  -> (artifact id: '2800601724be551d8ee9e75d66d01762') in 0.005823 seconds 
========================================================================
Received Prepare
Registering precompiled user dll's ...
Registered in 0.000984 seconds.
Begin MonoManager ReloadAssembly
Native extension for WindowsStandalone target not found
Refreshing native plugins compatible for Editor in 0.44 ms, found 0 plugins.
Preloading 0 native plugins for Editor in 0.00 ms.
Mono: successfully reloaded assembly
- Completed reload, in  0.962 seconds
Platform modules already initialized, skipping
Shader 'Universal Render Pipeline/Particles/Lit': fallback shader 'Universal Render Pipeline/Particles/SimpleLit' not found
Refreshing native plugins compatible for Editor in 0.44 ms, found 0 plugins.
Preloading 0 native plugins for Editor in 0.00 ms.
Unloading 2352 Unused Serialized files (Serialized files now loaded: 0)
System memory in use before: 121.3 MB.
System memory in use after: 121.6 MB.

Unloading 4 unused Assets to reduce memory usage. Loaded Objects now: 3127.
Total: 2.450700 ms (FindLiveObjects: 0.268400 ms CreateObjectMapping: 0.066900 ms MarkObjects: 2.098900 ms  DeleteObjects: 0.015400 ms)

========================================================================
Received Prepare
Registering precompiled user dll's ...
Registered in 0.001004 seconds.
Begin MonoManager ReloadAssembly
Native extension for WindowsStandalone target not found
Refreshing native plugins compatible for Editor in 0.46 ms, found 0 plugins.
Preloading 0 native plugins for Editor in 0.00 ms.
Mono: successfully reloaded assembly
- Completed reload, in  0.977 seconds
Platform modules already initialized, skipping
Shader 'Universal Render Pipeline/Particles/Lit': fallback shader 'Universal Render Pipeline/Particles/SimpleLit' not found
Refreshing native plugins compatible for Editor in 0.45 ms, found 0 plugins.
Preloading 0 native plugins for Editor in 0.00 ms.
Unloading 2352 Unused Serialized files (Serialized files now loaded: 0)
System memory in use before: 121.3 MB.
System memory in use after: 121.5 MB.

Unloading 4 unused Assets to reduce memory usage. Loaded Objects now: 3130.
Total: 2.569200 ms (FindLiveObjects: 0.275000 ms CreateObjectMapping: 0.068700 ms MarkObjects: 2.211000 ms  DeleteObjects: 0.013600 ms)

========================================================================
Received Prepare
Registering precompiled user dll's ...
Registered in 0.001059 seconds.
Begin MonoManager ReloadAssembly
Native extension for WindowsStandalone target not found
Refreshing native plugins compatible for Editor in 0.61 ms, found 0 plugins.
Preloading 0 native plugins for Editor in 0.00 ms.
Mono: successfully reloaded assembly
- Completed reload, in  1.029 seconds
Platform modules already initialized, skipping
Shader 'Universal Render Pipeline/Particles/Lit': fallback shader 'Universal Render Pipeline/Particles/SimpleLit' not found
Refreshing native plugins compatible for Editor in 0.48 ms, found 0 plugins.
Preloading 0 native plugins for Editor in 0.00 ms.
Unloading 2352 Unused Serialized files (Serialized files now loaded: 0)
System memory in use before: 121.4 MB.
System memory in use after: 121.6 MB.

Unloading 4 unused Assets to reduce memory usage. Loaded Objects now: 3133.
Total: 3.008500 ms (FindLiveObjects: 0.372900 ms CreateObjectMapping: 0.079400 ms MarkObjects: 2.536700 ms  DeleteObjects: 0.018400 ms)

========================================================================
Received Import Request.
  Time since last request: 340.931916 seconds.
  path: Assets/Scenes/SampleScene.unity
  artifactKey: Guid(9fc0d4010bbf28b4594072e72b8655ab) Importer(815301076,1909f56bfc062723c751e8b465ee728b)
Start importing Assets/Scenes/SampleScene.unity using Guid(9fc0d4010bbf28b4594072e72b8655ab) Importer(815301076,1909f56bfc062723c751e8b465ee728b)  -> (artifact id: 'dae428775a4519dce0f038f883e036b0') in 0.017718 seconds 
========================================================================
Received Import Request.
  Time since last request: 12.183012 seconds.
  path: Assets/Scenes/You lose.unity
  artifactKey: Guid(ece353f66f8fb56428953869e3ffa9df) Importer(815301076,1909f56bfc062723c751e8b465ee728b)
Start importing Assets/Scenes/You lose.unity using Guid(ece353f66f8fb56428953869e3ffa9df) Importer(815301076,1909f56bfc062723c751e8b465ee728b)  -> (artifact id: '8575094963e0865087ecc5d140d3caae') in 0.002927 seconds 
========================================================================
Received Prepare
Registering precompiled user dll's ...
Registered in 0.001219 seconds.
Begin MonoManager ReloadAssembly
Native extension for WindowsStandalone target not found
Refreshing native plugins compatible for Editor in 0.47 ms, found 0 plugins.
Preloading 0 native plugins for Editor in 0.00 ms.
Mono: successfully reloaded assembly
- Completed reload, in  1.007 seconds
Platform modules already initialized, skipping
Shader 'Universal Render Pipeline/Particles/Lit': fallback shader 'Universal Render Pipeline/Particles/SimpleLit' not found
Refreshing native plugins compatible for Editor in 0.45 ms, found 0 plugins.
Preloading 0 native plugins for Editor in 0.00 ms.
Unloading 2352 Unused Serialized files (Serialized files now loaded: 0)
System memory in use before: 121.4 MB.
System memory in use after: 121.6 MB.

Unloading 4 unused Assets to reduce memory usage. Loaded Objects now: 3136.
Total: 2.761800 ms (FindLiveObjects: 0.268900 ms CreateObjectMapping: 0.069000 ms MarkObjects: 2.406000 ms  DeleteObjects: 0.016700 ms)

========================================================================
Received Import Request.
  Time since last request: 180.892753 seconds.
  path: Assets/Scenes/SampleScene.unity
  artifactKey: Guid(9fc0d4010bbf28b4594072e72b8655ab) Importer(815301076,1909f56bfc062723c751e8b465ee728b)
Start importing Assets/Scenes/SampleScene.unity using Guid(9fc0d4010bbf28b4594072e72b8655ab) Importer(815301076,1909f56bfc062723c751e8b465ee728b)  -> (artifact id: 'c4a80d4058bedf87ee4aa9b2f5928b18') in 0.013527 seconds 
========================================================================
Received Prepare
Registering precompiled user dll's ...
Registered in 0.001062 seconds.
Begin MonoManager ReloadAssembly
Native extension for WindowsStandalone target not found
Refreshing native plugins compatible for Editor in 0.51 ms, found 0 plugins.
Preloading 0 native plugins for Editor in 0.00 ms.
Mono: successfully reloaded assembly
- Completed reload, in  0.986 seconds
Platform modules already initialized, skipping
Shader 'Universal Render Pipeline/Particles/Lit': fallback shader 'Universal Render Pipeline/Particles/SimpleLit' not found
Refreshing native plugins compatible for Editor in 0.45 ms, found 0 plugins.
Preloading 0 native plugins for Editor in 0.00 ms.
Unloading 2352 Unused Serialized files (Serialized files now loaded: 0)
System memory in use before: 121.4 MB.
System memory in use after: 121.6 MB.

Unloading 4 unused Assets to reduce memory usage. Loaded Objects now: 3139.
Total: 2.501600 ms (FindLiveObjects: 0.264500 ms CreateObjectMapping: 0.072300 ms MarkObjects: 2.149600 ms  DeleteObjects: 0.014200 ms)

========================================================================
Received Prepare
Registering precompiled user dll's ...
Registered in 0.001018 seconds.
Begin MonoManager ReloadAssembly
Native extension for WindowsStandalone target not found
Refreshing native plugins compatible for Editor in 0.46 ms, found 0 plugins.
Preloading 0 native plugins for Editor in 0.00 ms.
Mono: successfully reloaded assembly
- Completed reload, in  0.990 seconds
Platform modules already initialized, skipping
Shader 'Universal Render Pipeline/Particles/Lit': fallback shader 'Universal Render Pipeline/Particles/SimpleLit' not found
Refreshing native plugins compatible for Editor in 0.47 ms, found 0 plugins.
Preloading 0 native plugins for Editor in 0.00 ms.
Unloading 2352 Unused Serialized files (Serialized files now loaded: 0)
System memory in use before: 121.4 MB.
System memory in use after: 121.6 MB.

Unloading 4 unused Assets to reduce memory usage. Loaded Objects now: 3142.
Total: 4.195700 ms (FindLiveObjects: 0.356100 ms CreateObjectMapping: 0.101800 ms MarkObjects: 3.714900 ms  DeleteObjects: 0.021300 ms)

========================================================================
Received Import Request.
  Time since last request: 495.011079 seconds.
  path: Assets/Finder
  artifactKey: Guid(6fb37ba27f2d6054481092ef722e62d0) Importer(815301076,1909f56bfc062723c751e8b465ee728b)
Start importing Assets/Finder using Guid(6fb37ba27f2d6054481092ef722e62d0) Importer(815301076,1909f56bfc062723c751e8b465ee728b)  -> (artifact id: 'ad28812814b7baa2d849dc628e2847c7') in 0.011190 seconds 
========================================================================
Received Import Request.
  Time since last request: 5.245232 seconds.
  path: Assets/AI1.prefab
  artifactKey: Guid(c87c6319c27194444b31a3e55ad32bdd) Importer(815301076,1909f56bfc062723c751e8b465ee728b)
Start importing Assets/AI1.prefab using Guid(c87c6319c27194444b31a3e55ad32bdd) Importer(815301076,1909f56bfc062723c751e8b465ee728b)  -> (artifact id: '0024cab261ca015282d55188f61c1a01') in 0.401959 seconds 
========================================================================
Received Import Request.
  Time since last request: 0.000214 seconds.
  path: Assets/AI2.prefab
  artifactKey: Guid(6dcdab5381408164c9f7358b54543ce5) Importer(815301076,1909f56bfc062723c751e8b465ee728b)
Start importing Assets/AI2.prefab using Guid(6dcdab5381408164c9f7358b54543ce5) Importer(815301076,1909f56bfc062723c751e8b465ee728b)  -> (artifact id: 'cab5f30e68f47c51ea20d119cd823742') in 0.031901 seconds 
========================================================================
Received Import Request.
  Time since last request: 0.000176 seconds.
  path: Assets/AI4.prefab
  artifactKey: Guid(0a04c1fbe1664d1449ca54ff1a1b8079) Importer(815301076,1909f56bfc062723c751e8b465ee728b)
Start importing Assets/AI4.prefab using Guid(0a04c1fbe1664d1449ca54ff1a1b8079) Importer(815301076,1909f56bfc062723c751e8b465ee728b)  -> (artifact id: '60bce10b051dc1240d5c4ee9503e2d70') in 0.024682 seconds 
========================================================================
Received Import Request.
  Time since last request: 0.000229 seconds.
  path: Assets/Sprites
  artifactKey: Guid(6fb37ba27f2d6054481092ef722e62d0) Importer(815301076,1909f56bfc062723c751e8b465ee728b)
Start importing Assets/Sprites using Guid(6fb37ba27f2d6054481092ef722e62d0) Importer(815301076,1909f56bfc062723c751e8b465ee728b)  -> (artifact id: 'b086e3d1bf2df1358e925038c6642d62') in 0.013479 seconds 
========================================================================
Received Import Request.
  Time since last request: 0.000221 seconds.
  path: Assets/AI3.prefab
  artifactKey: Guid(45b157b1292ab664fa5afdd22fb6653d) Importer(815301076,1909f56bfc062723c751e8b465ee728b)
Start importing Assets/AI3.prefab using Guid(45b157b1292ab664fa5afdd22fb6653d) Importer(815301076,1909f56bfc062723c751e8b465ee728b)  -> (artifact id: '76a0384acb21f8b23679eee715347608') in 0.021369 seconds 
========================================================================
Received Prepare
Registering precompiled user dll's ...
Registered in 0.001000 seconds.
Begin MonoManager ReloadAssembly
Native extension for WindowsStandalone target not found
Refreshing native plugins compatible for Editor in 0.47 ms, found 0 plugins.
Preloading 0 native plugins for Editor in 0.00 ms.
Mono: successfully reloaded assembly
- Completed reload, in  0.988 seconds
Platform modules already initialized, skipping
Shader 'Universal Render Pipeline/Particles/Lit': fallback shader 'Universal Render Pipeline/Particles/SimpleLit' not found
Refreshing native plugins compatible for Editor in 0.46 ms, found 0 plugins.
Preloading 0 native plugins for Editor in 0.00 ms.
Unloading 2352 Unused Serialized files (Serialized files now loaded: 0)
System memory in use before: 121.6 MB.
System memory in use after: 121.8 MB.

Unloading 4 unused Assets to reduce memory usage. Loaded Objects now: 3184.
Total: 2.510700 ms (FindLiveObjects: 0.268200 ms CreateObjectMapping: 0.070400 ms MarkObjects: 2.158400 ms  DeleteObjects: 0.012700 ms)

========================================================================
Received Prepare
Registering precompiled user dll's ...
Registered in 0.001123 seconds.
Begin MonoManager ReloadAssembly
Native extension for WindowsStandalone target not found
Refreshing native plugins compatible for Editor in 0.50 ms, found 0 plugins.
Preloading 0 native plugins for Editor in 0.00 ms.
Mono: successfully reloaded assembly
- Completed reload, in  0.989 seconds
Platform modules already initialized, skipping
Shader 'Universal Render Pipeline/Particles/Lit': fallback shader 'Universal Render Pipeline/Particles/SimpleLit' not found
Refreshing native plugins compatible for Editor in 0.45 ms, found 0 plugins.
Preloading 0 native plugins for Editor in 0.00 ms.
Unloading 2352 Unused Serialized files (Serialized files now loaded: 0)
System memory in use before: 121.7 MB.
System memory in use after: 121.9 MB.

Unloading 4 unused Assets to reduce memory usage. Loaded Objects now: 3187.
Total: 2.724200 ms (FindLiveObjects: 0.287200 ms CreateObjectMapping: 0.076700 ms MarkObjects: 2.345000 ms  DeleteObjects: 0.014300 ms)

========================================================================
Received Prepare
Registering precompiled user dll's ...
Registered in 0.001082 seconds.
Begin MonoManager ReloadAssembly
Native extension for WindowsStandalone target not found
Refreshing native plugins compatible for Editor in 0.46 ms, found 0 plugins.
Preloading 0 native plugins for Editor in 0.00 ms.
Mono: successfully reloaded assembly
- Completed reload, in  1.002 seconds
Platform modules already initialized, skipping
Shader 'Universal Render Pipeline/Particles/Lit': fallback shader 'Universal Render Pipeline/Particles/SimpleLit' not found
Refreshing native plugins compatible for Editor in 0.45 ms, found 0 plugins.
Preloading 0 native plugins for Editor in 0.00 ms.
Unloading 2352 Unused Serialized files (Serialized files now loaded: 0)
System memory in use before: 121.6 MB.
System memory in use after: 121.8 MB.

Unloading 4 unused Assets to reduce memory usage. Loaded Objects now: 3190.
Total: 2.657400 ms (FindLiveObjects: 0.330000 ms CreateObjectMapping: 0.073800 ms MarkObjects: 2.238200 ms  DeleteObjects: 0.014400 ms)

========================================================================
Received Prepare
Registering precompiled user dll's ...
Registered in 0.001040 seconds.
Begin MonoManager ReloadAssembly
Native extension for WindowsStandalone target not found
Refreshing native plugins compatible for Editor in 0.58 ms, found 0 plugins.
Preloading 0 native plugins for Editor in 0.00 ms.
Mono: successfully reloaded assembly
- Completed reload, in  1.058 seconds
Platform modules already initialized, skipping
Shader 'Universal Render Pipeline/Particles/Lit': fallback shader 'Universal Render Pipeline/Particles/SimpleLit' not found
Refreshing native plugins compatible for Editor in 0.45 ms, found 0 plugins.
Preloading 0 native plugins for Editor in 0.00 ms.
Unloading 2352 Unused Serialized files (Serialized files now loaded: 0)
System memory in use before: 121.6 MB.
System memory in use after: 121.8 MB.

Unloading 4 unused Assets to reduce memory usage. Loaded Objects now: 3193.
Total: 3.068700 ms (FindLiveObjects: 0.395200 ms CreateObjectMapping: 0.097800 ms MarkObjects: 2.559900 ms  DeleteObjects: 0.014800 ms)

========================================================================
Received Import Request.
  Time since last request: 1193.755358 seconds.
  path: Assets/Scenes/hitmarler.jpg
  artifactKey: Guid(0ef16156ec36cc1489cac9bb82b8e2c6) Importer(815301076,1909f56bfc062723c751e8b465ee728b)
Start importing Assets/Scenes/hitmarler.jpg using Guid(0ef16156ec36cc1489cac9bb82b8e2c6) Importer(815301076,1909f56bfc062723c751e8b465ee728b)  -> (artifact id: 'ad42caffc6e15b46b807f7afa57a9f63') in 0.048816 seconds 
========================================================================
Received Import Request.
  Time since last request: 8.014516 seconds.
  path: Assets/Scenes/hitmarler.jpg
  artifactKey: Guid(0ef16156ec36cc1489cac9bb82b8e2c6) Importer(815301076,1909f56bfc062723c751e8b465ee728b)
Start importing Assets/Scenes/hitmarler.jpg using Guid(0ef16156ec36cc1489cac9bb82b8e2c6) Importer(815301076,1909f56bfc062723c751e8b465ee728b)  -> (artifact id: '657368a8123009340b293465503d4a90') in 0.033096 seconds 
========================================================================
Received Import Request.
  Time since last request: 55.700666 seconds.
  path: Assets/Scenes/PngItem_1092045.png
  artifactKey: Guid(1c22029385586f641b1576d520557ba1) Importer(815301076,1909f56bfc062723c751e8b465ee728b)
Start importing Assets/Scenes/PngItem_1092045.png using Guid(1c22029385586f641b1576d520557ba1) Importer(815301076,1909f56bfc062723c751e8b465ee728b)  -> (artifact id: '86fe3e5f08a092d07a7cff4899fa7d4b') in 0.021029 seconds 
========================================================================
Received Import Request.
  Time since last request: 5.000723 seconds.
  path: Assets/Scenes/PngItem_1092045.png
  artifactKey: Guid(1c22029385586f641b1576d520557ba1) Importer(815301076,1909f56bfc062723c751e8b465ee728b)
Start importing Assets/Scenes/PngItem_1092045.png using Guid(1c22029385586f641b1576d520557ba1) Importer(815301076,1909f56bfc062723c751e8b465ee728b)  -> (artifact id: '52f06d6ea80d3421439dd00c151e2acb') in 0.017923 seconds 
========================================================================
Received Import Request.
  Time since last request: 11.178697 seconds.
  path: Assets/Scenes/SampleScene.unity
  artifactKey: Guid(9fc0d4010bbf28b4594072e72b8655ab) Importer(815301076,1909f56bfc062723c751e8b465ee728b)
Start importing Assets/Scenes/SampleScene.unity using Guid(9fc0d4010bbf28b4594072e72b8655ab) Importer(815301076,1909f56bfc062723c751e8b465ee728b)  -> (artifact id: '50e713f3b235bdd61f646cab8102b58f') in 0.003459 seconds 
========================================================================
Received Prepare
Registering precompiled user dll's ...
Registered in 0.001129 seconds.
Begin MonoManager ReloadAssembly
Native extension for WindowsStandalone target not found
Refreshing native plugins compatible for Editor in 0.71 ms, found 0 plugins.
Preloading 0 native plugins for Editor in 0.00 ms.
Mono: successfully reloaded assembly
- Completed reload, in  0.994 seconds
Platform modules already initialized, skipping
Shader 'Universal Render Pipeline/Particles/Lit': fallback shader 'Universal Render Pipeline/Particles/SimpleLit' not found
Refreshing native plugins compatible for Editor in 0.45 ms, found 0 plugins.
Preloading 0 native plugins for Editor in 0.00 ms.
Unloading 2353 Unused Serialized files (Serialized files now loaded: 0)
System memory in use before: 127.0 MB.
System memory in use after: 127.2 MB.

Unloading 4 unused Assets to reduce memory usage. Loaded Objects now: 3255.
Total: 2.658500 ms (FindLiveObjects: 0.314600 ms CreateObjectMapping: 0.071400 ms MarkObjects: 2.255000 ms  DeleteObjects: 0.016300 ms)

========================================================================
Received Prepare
Registering precompiled user dll's ...
Registered in 0.001078 seconds.
Begin MonoManager ReloadAssembly
Native extension for WindowsStandalone target not found
Refreshing native plugins compatible for Editor in 0.46 ms, found 0 plugins.
Preloading 0 native plugins for Editor in 0.00 ms.
Mono: successfully reloaded assembly
- Completed reload, in  1.059 seconds
Platform modules already initialized, skipping
Shader 'Universal Render Pipeline/Particles/Lit': fallback shader 'Universal Render Pipeline/Particles/SimpleLit' not found
Refreshing native plugins compatible for Editor in 0.48 ms, found 0 plugins.
Preloading 0 native plugins for Editor in 0.00 ms.
Unloading 2352 Unused Serialized files (Serialized files now loaded: 0)
System memory in use before: 126.8 MB.
System memory in use after: 127.0 MB.

Unloading 4 unused Assets to reduce memory usage. Loaded Objects now: 3258.
Total: 2.941900 ms (FindLiveObjects: 0.311100 ms CreateObjectMapping: 0.074300 ms MarkObjects: 2.535100 ms  DeleteObjects: 0.020300 ms)

========================================================================
Received Prepare
Registering precompiled user dll's ...
Registered in 0.001053 seconds.
Begin MonoManager ReloadAssembly
Native extension for WindowsStandalone target not found
Refreshing native plugins compatible for Editor in 0.45 ms, found 0 plugins.
Preloading 0 native plugins for Editor in 0.00 ms.
Mono: successfully reloaded assembly
- Completed reload, in  1.032 seconds
Platform modules already initialized, skipping
Shader 'Universal Render Pipeline/Particles/Lit': fallback shader 'Universal Render Pipeline/Particles/SimpleLit' not found
Refreshing native plugins compatible for Editor in 0.44 ms, found 0 plugins.
Preloading 0 native plugins for Editor in 0.00 ms.
Unloading 2352 Unused Serialized files (Serialized files now loaded: 0)
System memory in use before: 126.9 MB.
System memory in use after: 127.1 MB.

Unloading 4 unused Assets to reduce memory usage. Loaded Objects now: 3261.
Total: 2.724100 ms (FindLiveObjects: 0.333600 ms CreateObjectMapping: 0.079600 ms MarkObjects: 2.294700 ms  DeleteObjects: 0.014700 ms)

========================================================================
Received Prepare
Registering precompiled user dll's ...
Registered in 0.001202 seconds.
Begin MonoManager ReloadAssembly
Native extension for WindowsStandalone target not found
Refreshing native plugins compatible for Editor in 0.46 ms, found 0 plugins.
Preloading 0 native plugins for Editor in 0.00 ms.
Mono: successfully reloaded assembly
- Completed reload, in  0.987 seconds
Platform modules already initialized, skipping
Shader 'Universal Render Pipeline/Particles/Lit': fallback shader 'Universal Render Pipeline/Particles/SimpleLit' not found
Refreshing native plugins compatible for Editor in 0.46 ms, found 0 plugins.
Preloading 0 native plugins for Editor in 0.00 ms.
Unloading 2352 Unused Serialized files (Serialized files now loaded: 0)
System memory in use before: 126.9 MB.
System memory in use after: 127.2 MB.

Unloading 4 unused Assets to reduce memory usage. Loaded Objects now: 3264.
Total: 2.718500 ms (FindLiveObjects: 0.362000 ms CreateObjectMapping: 0.093200 ms MarkObjects: 2.245600 ms  DeleteObjects: 0.016700 ms)

========================================================================
Received Prepare
Registering precompiled user dll's ...
Registered in 0.001050 seconds.
Begin MonoManager ReloadAssembly
Native extension for WindowsStandalone target not found
Refreshing native plugins compatible for Editor in 0.45 ms, found 0 plugins.
Preloading 0 native plugins for Editor in 0.00 ms.
Mono: successfully reloaded assembly
- Completed reload, in  0.994 seconds
Platform modules already initialized, skipping
Script error: OnCollisionEnter
This message parameter has to be of type: Collision
The message will be ignored.

Shader 'Universal Render Pipeline/Particles/Lit': fallback shader 'Universal Render Pipeline/Particles/SimpleLit' not found
Refreshing native plugins compatible for Editor in 0.46 ms, found 0 plugins.
Preloading 0 native plugins for Editor in 0.00 ms.
Unloading 2352 Unused Serialized files (Serialized files now loaded: 0)
System memory in use before: 127.1 MB.
System memory in use after: 127.3 MB.

Unloading 4 unused Assets to reduce memory usage. Loaded Objects now: 3267.
Total: 2.749600 ms (FindLiveObjects: 0.317100 ms CreateObjectMapping: 0.077200 ms MarkObjects: 2.336700 ms  DeleteObjects: 0.017500 ms)

========================================================================
Received Prepare
Registering precompiled user dll's ...
Registered in 0.001022 seconds.
Begin MonoManager ReloadAssembly
Native extension for WindowsStandalone target not found
Refreshing native plugins compatible for Editor in 0.51 ms, found 0 plugins.
Preloading 0 native plugins for Editor in 0.00 ms.
Mono: successfully reloaded assembly
- Completed reload, in  1.070 seconds
Platform modules already initialized, skipping
Script error: OnCollisionEnter
This message parameter has to be of type: Collision
The message will be ignored.

Shader 'Universal Render Pipeline/Particles/Lit': fallback shader 'Universal Render Pipeline/Particles/SimpleLit' not found
Refreshing native plugins compatible for Editor in 0.46 ms, found 0 plugins.
Preloading 0 native plugins for Editor in 0.00 ms.
Unloading 2352 Unused Serialized files (Serialized files now loaded: 0)
System memory in use before: 127.1 MB.
System memory in use after: 127.3 MB.

Unloading 4 unused Assets to reduce memory usage. Loaded Objects now: 3270.
Total: 3.024500 ms (FindLiveObjects: 0.505800 ms CreateObjectMapping: 0.105000 ms MarkObjects: 2.394600 ms  DeleteObjects: 0.018400 ms)

========================================================================
Received Prepare
Registering precompiled user dll's ...
Registered in 0.000994 seconds.
Begin MonoManager ReloadAssembly
Native extension for WindowsStandalone target not found
Refreshing native plugins compatible for Editor in 0.46 ms, found 0 plugins.
Preloading 0 native plugins for Editor in 0.00 ms.
Mono: successfully reloaded assembly
- Completed reload, in  1.005 seconds
Platform modules already initialized, skipping
Script error: OnCollisionEnter
This message parameter has to be of type: Collision
The message will be ignored.

Shader 'Universal Render Pipeline/Particles/Lit': fallback shader 'Universal Render Pipeline/Particles/SimpleLit' not found
Refreshing native plugins compatible for Editor in 0.63 ms, found 0 plugins.
Preloading 0 native plugins for Editor in 0.00 ms.
Unloading 2352 Unused Serialized files (Serialized files now loaded: 0)
System memory in use before: 127.0 MB.
System memory in use after: 127.2 MB.

Unloading 4 unused Assets to reduce memory usage. Loaded Objects now: 3273.
Total: 2.646500 ms (FindLiveObjects: 0.366200 ms CreateObjectMapping: 0.078200 ms MarkObjects: 2.187000 ms  DeleteObjects: 0.014000 ms)

========================================================================
Received Prepare
Registering precompiled user dll's ...
Registered in 0.001011 seconds.
Begin MonoManager ReloadAssembly
Native extension for WindowsStandalone target not found
Refreshing native plugins compatible for Editor in 0.45 ms, found 0 plugins.
Preloading 0 native plugins for Editor in 0.00 ms.
Mono: successfully reloaded assembly
- Completed reload, in  1.002 seconds
Platform modules already initialized, skipping
Script error: OnCollisionEnter
This message parameter has to be of type: Collision
The message will be ignored.

Shader 'Universal Render Pipeline/Particles/Lit': fallback shader 'Universal Render Pipeline/Particles/SimpleLit' not found
Refreshing native plugins compatible for Editor in 0.46 ms, found 0 plugins.
Preloading 0 native plugins for Editor in 0.00 ms.
Unloading 2352 Unused Serialized files (Serialized files now loaded: 0)
System memory in use before: 127.1 MB.
System memory in use after: 127.3 MB.

Unloading 4 unused Assets to reduce memory usage. Loaded Objects now: 3276.
Total: 2.841100 ms (FindLiveObjects: 0.295600 ms CreateObjectMapping: 0.073200 ms MarkObjects: 2.451600 ms  DeleteObjects: 0.019500 ms)

========================================================================
Received Prepare
Registering precompiled user dll's ...
Registered in 0.001335 seconds.
Begin MonoManager ReloadAssembly
Native extension for WindowsStandalone target not found
Refreshing native plugins compatible for Editor in 0.50 ms, found 0 plugins.
Preloading 0 native plugins for Editor in 0.00 ms.
Mono: successfully reloaded assembly
- Completed reload, in  1.007 seconds
Platform modules already initialized, skipping
Shader 'Universal Render Pipeline/Particles/Lit': fallback shader 'Universal Render Pipeline/Particles/SimpleLit' not found
Refreshing native plugins compatible for Editor in 0.48 ms, found 0 plugins.
Preloading 0 native plugins for Editor in 0.00 ms.
Unloading 2352 Unused Serialized files (Serialized files now loaded: 0)
System memory in use before: 127.0 MB.
System memory in use after: 127.2 MB.

Unloading 4 unused Assets to reduce memory usage. Loaded Objects now: 3279.
Total: 2.776600 ms (FindLiveObjects: 0.373400 ms CreateObjectMapping: 0.069100 ms MarkObjects: 2.316900 ms  DeleteObjects: 0.015700 ms)

========================================================================
Received Prepare
Registering precompiled user dll's ...
Registered in 0.001089 seconds.
Begin MonoManager ReloadAssembly
Native extension for WindowsStandalone target not found
Refreshing native plugins compatible for Editor in 0.45 ms, found 0 plugins.
Preloading 0 native plugins for Editor in 0.00 ms.
Mono: successfully reloaded assembly
- Completed reload, in  1.060 seconds
Platform modules already initialized, skipping
Shader 'Universal Render Pipeline/Particles/Lit': fallback shader 'Universal Render Pipeline/Particles/SimpleLit' not found
Refreshing native plugins compatible for Editor in 0.63 ms, found 0 plugins.
Preloading 0 native plugins for Editor in 0.00 ms.
Unloading 2352 Unused Serialized files (Serialized files now loaded: 0)
System memory in use before: 127.0 MB.
System memory in use after: 127.2 MB.

Unloading 4 unused Assets to reduce memory usage. Loaded Objects now: 3282.
Total: 2.873000 ms (FindLiveObjects: 0.321400 ms CreateObjectMapping: 0.075600 ms MarkObjects: 2.461000 ms  DeleteObjects: 0.014100 ms)

========================================================================
Received Import Request.
  Time since last request: 1480.794719 seconds.
  path: Assets/Scenes/Win.unity
  artifactKey: Guid(b2c2afc53b588334984b13cdb5a6ad37) Importer(815301076,1909f56bfc062723c751e8b465ee728b)
Start importing Assets/Scenes/Win.unity using Guid(b2c2afc53b588334984b13cdb5a6ad37) Importer(815301076,1909f56bfc062723c751e8b465ee728b)  -> (artifact id: '63a80a5ec183a6e85a31fb340e11e536') in 0.013924 seconds 
========================================================================
Received Prepare
Registering precompiled user dll's ...
Registered in 0.001061 seconds.
Begin MonoManager ReloadAssembly
Native extension for WindowsStandalone target not found
Refreshing native plugins compatible for Editor in 0.46 ms, found 0 plugins.
Preloading 0 native plugins for Editor in 0.00 ms.
Mono: successfully reloaded assembly
- Completed reload, in  1.006 seconds
Platform modules already initialized, skipping
Shader 'Universal Render Pipeline/Particles/Lit': fallback shader 'Universal Render Pipeline/Particles/SimpleLit' not found
Refreshing native plugins compatible for Editor in 0.45 ms, found 0 plugins.
Preloading 0 native plugins for Editor in 0.00 ms.
Unloading 2352 Unused Serialized files (Serialized files now loaded: 0)
System memory in use before: 127.0 MB.
System memory in use after: 127.2 MB.

Unloading 4 unused Assets to reduce memory usage. Loaded Objects now: 3285.
Total: 2.583600 ms (FindLiveObjects: 0.284100 ms CreateObjectMapping: 0.070700 ms MarkObjects: 2.215100 ms  DeleteObjects: 0.012800 ms)

========================================================================
Received Prepare
Registering precompiled user dll's ...
Registered in 0.001022 seconds.
Begin MonoManager ReloadAssembly
Native extension for WindowsStandalone target not found
Refreshing native plugins compatible for Editor in 0.46 ms, found 0 plugins.
Preloading 0 native plugins for Editor in 0.00 ms.
Mono: successfully reloaded assembly
- Completed reload, in  0.984 seconds
Platform modules already initialized, skipping
Shader 'Universal Render Pipeline/Particles/Lit': fallback shader 'Universal Render Pipeline/Particles/SimpleLit' not found
Refreshing native plugins compatible for Editor in 0.46 ms, found 0 plugins.
Preloading 0 native plugins for Editor in 0.00 ms.
Unloading 2352 Unused Serialized files (Serialized files now loaded: 0)
System memory in use before: 126.9 MB.
System memory in use after: 127.2 MB.

Unloading 4 unused Assets to reduce memory usage. Loaded Objects now: 3288.
Total: 2.746900 ms (FindLiveObjects: 0.391200 ms CreateObjectMapping: 0.077700 ms MarkObjects: 2.261200 ms  DeleteObjects: 0.015400 ms)

========================================================================
Received Prepare
Registering precompiled user dll's ...
Registered in 0.001419 seconds.
Begin MonoManager ReloadAssembly
Native extension for WindowsStandalone target not found
Refreshing native plugins compatible for Editor in 0.50 ms, found 0 plugins.
Preloading 0 native plugins for Editor in 0.00 ms.
Mono: successfully reloaded assembly
- Completed reload, in  1.017 seconds
Platform modules already initialized, skipping
Shader 'Universal Render Pipeline/Particles/Lit': fallback shader 'Universal Render Pipeline/Particles/SimpleLit' not found
Refreshing native plugins compatible for Editor in 0.45 ms, found 0 plugins.
Preloading 0 native plugins for Editor in 0.00 ms.
Unloading 2352 Unused Serialized files (Serialized files now loaded: 0)
System memory in use before: 127.0 MB.
System memory in use after: 127.3 MB.

Unloading 4 unused Assets to reduce memory usage. Loaded Objects now: 3291.
Total: 2.612000 ms (FindLiveObjects: 0.293100 ms CreateObjectMapping: 0.072000 ms MarkObjects: 2.232500 ms  DeleteObjects: 0.013400 ms)

========================================================================
Received Prepare
Registering precompiled user dll's ...
Registered in 0.001079 seconds.
Begin MonoManager ReloadAssembly
Native extension for WindowsStandalone target not found
Refreshing native plugins compatible for Editor in 0.47 ms, found 0 plugins.
Preloading 0 native plugins for Editor in 0.00 ms.
Mono: successfully reloaded assembly
- Completed reload, in  0.987 seconds
Platform modules already initialized, skipping
Shader 'Universal Render Pipeline/Particles/Lit': fallback shader 'Universal Render Pipeline/Particles/SimpleLit' not found
Refreshing native plugins compatible for Editor in 0.44 ms, found 0 plugins.
Preloading 0 native plugins for Editor in 0.00 ms.
Unloading 2352 Unused Serialized files (Serialized files now loaded: 0)
System memory in use before: 127.0 MB.
System memory in use after: 127.3 MB.

Unloading 4 unused Assets to reduce memory usage. Loaded Objects now: 3294.
Total: 2.739400 ms (FindLiveObjects: 0.351800 ms CreateObjectMapping: 0.076600 ms MarkObjects: 2.296200 ms  DeleteObjects: 0.013600 ms)

========================================================================
Received Prepare
Registering precompiled user dll's ...
Registered in 0.001017 seconds.
Begin MonoManager ReloadAssembly
Native extension for WindowsStandalone target not found
Refreshing native plugins compatible for Editor in 0.68 ms, found 0 plugins.
Preloading 0 native plugins for Editor in 0.00 ms.
Mono: successfully reloaded assembly
- Completed reload, in  1.001 seconds
Platform modules already initialized, skipping
Shader 'Universal Render Pipeline/Particles/Lit': fallback shader 'Universal Render Pipeline/Particles/SimpleLit' not found
Refreshing native plugins compatible for Editor in 0.45 ms, found 0 plugins.
Preloading 0 native plugins for Editor in 0.00 ms.
Unloading 2352 Unused Serialized files (Serialized files now loaded: 0)
System memory in use before: 127.0 MB.
System memory in use after: 127.3 MB.

Unloading 4 unused Assets to reduce memory usage. Loaded Objects now: 3297.
Total: 2.888100 ms (FindLiveObjects: 0.328600 ms CreateObjectMapping: 0.067100 ms MarkObjects: 2.476400 ms  DeleteObjects: 0.014800 ms)

========================================================================
Received Import Request.
  Time since last request: 294.155420 seconds.
  path: Assets/Apple.mat
  artifactKey: Guid(83ec941876717cf44ba5ba7f331d73c3) Importer(815301076,1909f56bfc062723c751e8b465ee728b)
Start importing Assets/Apple.mat using Guid(83ec941876717cf44ba5ba7f331d73c3) Importer(815301076,1909f56bfc062723c751e8b465ee728b)  -> (artifact id: 'c86fba50534658eee335cee6e09da1c1') in 0.177372 seconds 
========================================================================
Received Import Request.
  Time since last request: 0.104524 seconds.
  path: Assets/Apple.prefab
  artifactKey: Guid(4497df2e36943a54486d50bbf742969e) Importer(815301076,1909f56bfc062723c751e8b465ee728b)
Start importing Assets/Apple.prefab using Guid(4497df2e36943a54486d50bbf742969e) Importer(815301076,1909f56bfc062723c751e8b465ee728b)  -> (artifact id: '0be0fab08e72752eda2fc58becf7912c') in 0.027042 seconds 
========================================================================
Received Import Request.
  Time since last request: 0.443155 seconds.
  path: Assets/Mod_BigCrate (9).prefab
  artifactKey: Guid(74a05102f044ef24486d2fec90e01fa1) Importer(815301076,1909f56bfc062723c751e8b465ee728b)
Start importing Assets/Mod_BigCrate (9).prefab using Guid(74a05102f044ef24486d2fec90e01fa1) Importer(815301076,1909f56bfc062723c751e8b465ee728b)  -> (artifact id: 'ae9e27587a4bdee964eb8f39d01f1857') in 0.324374 seconds 
========================================================================
Received Import Request.
  Time since last request: 0.000259 seconds.
  path: Assets/object1.prefab
  artifactKey: Guid(756e3177d5119be42966993f672c5526) Importer(815301076,1909f56bfc062723c751e8b465ee728b)
Start importing Assets/object1.prefab using Guid(756e3177d5119be42966993f672c5526) Importer(815301076,1909f56bfc062723c751e8b465ee728b)  -> (artifact id: '54de71200c16dc101a740edc0473361e') in 0.019040 seconds 
========================================================================
Received Import Request.
  Time since last request: 0.000264 seconds.
  path: Assets/NPC.prefab
  artifactKey: Guid(608510c6ada386148a1174f29e5d6c9a) Importer(815301076,1909f56bfc062723c751e8b465ee728b)
Start importing Assets/NPC.prefab using Guid(608510c6ada386148a1174f29e5d6c9a) Importer(815301076,1909f56bfc062723c751e8b465ee728b)  -> (artifact id: '5fc8d382b26d3d052d0b47a1cba743ac') in 0.023033 seconds 
========================================================================
Received Import Request.
  Time since last request: 0.206860 seconds.
  path: Assets/object2.prefab
  artifactKey: Guid(01c4f1c09cd1c4847a66c9aef84cbf5c) Importer(815301076,1909f56bfc062723c751e8b465ee728b)
Start importing Assets/object2.prefab using Guid(01c4f1c09cd1c4847a66c9aef84cbf5c) Importer(815301076,1909f56bfc062723c751e8b465ee728b)  -> (artifact id: 'a6b3b7c445703dc638411b23b9338949') in 0.017466 seconds 
========================================================================
Received Import Request.
  Time since last request: 0.000247 seconds.
  path: Assets/object3.prefab
  artifactKey: Guid(2b21604cba663e747af210fc1c5d7069) Importer(815301076,1909f56bfc062723c751e8b465ee728b)
Start importing Assets/object3.prefab using Guid(2b21604cba663e747af210fc1c5d7069) Importer(815301076,1909f56bfc062723c751e8b465ee728b)  -> (artifact id: '7596fc86030fe2dc8988e77258dbdc50') in 0.018281 seconds 
========================================================================
Received Import Request.
  Time since last request: 0.015236 seconds.
  path: Assets/Pants2.mat
  artifactKey: Guid(54743c2f121ae464fbaa1e98a9bb6a17) Importer(815301076,1909f56bfc062723c751e8b465ee728b)
Start importing Assets/Pants2.mat using Guid(54743c2f121ae464fbaa1e98a9bb6a17) Importer(815301076,1909f56bfc062723c751e8b465ee728b)  -> (artifact id: '2b2353ec4186b210000dccd46c5e17da') in 0.014668 seconds 
========================================================================
Received Import Request.
  Time since last request: 0.205778 seconds.
  path: Assets/Pants3.mat
  artifactKey: Guid(e546c97d1d624aa41b73428639215d25) Importer(815301076,1909f56bfc062723c751e8b465ee728b)
Start importing Assets/Pants3.mat using Guid(e546c97d1d624aa41b73428639215d25) Importer(815301076,1909f56bfc062723c751e8b465ee728b)  -> (artifact id: '5cf364d64f99fbc085259a383b87bca4') in 0.012990 seconds 
========================================================================
Received Import Request.
  Time since last request: 0.002630 seconds.
  path: Assets/Passport.mat
  artifactKey: Guid(9f66463397611624aa739244ee55845a) Importer(815301076,1909f56bfc062723c751e8b465ee728b)
Start importing Assets/Passport.mat using Guid(9f66463397611624aa739244ee55845a) Importer(815301076,1909f56bfc062723c751e8b465ee728b)  -> (artifact id: '7992f106d914fb1c8dc44f80d04a44de') in 0.018101 seconds 
========================================================================
Received Import Request.
  Time since last request: 0.002222 seconds.
  path: Assets/Passport.prefab
  artifactKey: Guid(33453e1dfc980184a9c6443f0b44c0ce) Importer(815301076,1909f56bfc062723c751e8b465ee728b)
Start importing Assets/Passport.prefab using Guid(33453e1dfc980184a9c6443f0b44c0ce) Importer(815301076,1909f56bfc062723c751e8b465ee728b)  -> (artifact id: '6bb029c28de4f7935ba52e0c406a410d') in 0.016591 seconds 
========================================================================
Received Import Request.
  Time since last request: 0.012205 seconds.
  path: Assets/pocket.mat
  artifactKey: Guid(cc84c9a188301a4469c53b059e4a56b7) Importer(815301076,1909f56bfc062723c751e8b465ee728b)
Start importing Assets/pocket.mat using Guid(cc84c9a188301a4469c53b059e4a56b7) Importer(815301076,1909f56bfc062723c751e8b465ee728b)  -> (artifact id: 'f25119610c72365cc68ccb3e2c367104') in 0.014468 seconds 
========================================================================
Received Import Request.
  Time since last request: 0.209856 seconds.
  path: Assets/Shirt2.mat
  artifactKey: Guid(5cc37935e721a684aa65014ad59504db) Importer(815301076,1909f56bfc062723c751e8b465ee728b)
Start importing Assets/Shirt2.mat using Guid(5cc37935e721a684aa65014ad59504db) Importer(815301076,1909f56bfc062723c751e8b465ee728b)  -> (artifact id: '413e95ba9b1c66e7223766c253ad70ec') in 0.014035 seconds 
========================================================================
Received Import Request.
  Time since last request: 0.000155 seconds.
  path: Assets/Shirt3 1.mat
  artifactKey: Guid(c5033f59347547244b72786caf7520a3) Importer(815301076,1909f56bfc062723c751e8b465ee728b)
Start importing Assets/Shirt3 1.mat using Guid(c5033f59347547244b72786caf7520a3) Importer(815301076,1909f56bfc062723c751e8b465ee728b)  -> (artifact id: 'b27313610d55f773ea44ee4252d97c89') in 0.014346 seconds 
========================================================================
Received Import Request.
  Time since last request: 0.017978 seconds.
  path: Assets/Shirt3.mat
  artifactKey: Guid(5469f729fa07af84f93982d07bac9bf0) Importer(815301076,1909f56bfc062723c751e8b465ee728b)
Start importing Assets/Shirt3.mat using Guid(5469f729fa07af84f93982d07bac9bf0) Importer(815301076,1909f56bfc062723c751e8b465ee728b)  -> (artifact id: 'fb534afc13730fe2eba535972d22683d') in 0.014028 seconds 
========================================================================
Received Import Request.
  Time since last request: 0.000191 seconds.
  path: Assets/Skin2.mat
  artifactKey: Guid(2c229e5b47bc8144ea682417549502b5) Importer(815301076,1909f56bfc062723c751e8b465ee728b)
Start importing Assets/Skin2.mat using Guid(2c229e5b47bc8144ea682417549502b5) Importer(815301076,1909f56bfc062723c751e8b465ee728b)  -> (artifact id: '1982753751b9f20f8acd61ba8b0c1a05') in 0.019567 seconds 
========================================================================
Received Import Request.
  Time since last request: 0.770213 seconds.
  path: Assets/Stall1.obj
  artifactKey: Guid(e1c99026568574443997ef20e0aec0e2) Importer(815301076,1909f56bfc062723c751e8b465ee728b)
Start importing Assets/Stall1.obj using Guid(e1c99026568574443997ef20e0aec0e2) Importer(815301076,1909f56bfc062723c751e8b465ee728b)  -> (artifact id: '074e41f1ad08077dbff2e8e8f7b56718') in 0.436960 seconds 
========================================================================
Received Prepare
Registering precompiled user dll's ...
Registered in 0.001097 seconds.
Begin MonoManager ReloadAssembly
Native extension for WindowsStandalone target not found
Refreshing native plugins compatible for Editor in 0.48 ms, found 0 plugins.
Preloading 0 native plugins for Editor in 0.00 ms.
Mono: successfully reloaded assembly
- Completed reload, in  0.987 seconds
Platform modules already initialized, skipping
Shader 'Universal Render Pipeline/Particles/Lit': fallback shader 'Universal Render Pipeline/Particles/SimpleLit' not found
Refreshing native plugins compatible for Editor in 0.45 ms, found 0 plugins.
Preloading 0 native plugins for Editor in 0.00 ms.
Unloading 2352 Unused Serialized files (Serialized files now loaded: 0)
System memory in use before: 127.4 MB.
System memory in use after: 127.7 MB.

Unloading 4 unused Assets to reduce memory usage. Loaded Objects now: 3339.
Total: 2.902100 ms (FindLiveObjects: 0.296800 ms CreateObjectMapping: 0.071300 ms MarkObjects: 2.516700 ms  DeleteObjects: 0.016500 ms)

========================================================================
Received Prepare
Registering precompiled user dll's ...
Registered in 0.001025 seconds.
Begin MonoManager ReloadAssembly
Native extension for WindowsStandalone target not found
Refreshing native plugins compatible for Editor in 0.46 ms, found 0 plugins.
Preloading 0 native plugins for Editor in 0.00 ms.
Mono: successfully reloaded assembly
- Completed reload, in  0.989 seconds
Platform modules already initialized, skipping
Shader 'Universal Render Pipeline/Particles/Lit': fallback shader 'Universal Render Pipeline/Particles/SimpleLit' not found
Refreshing native plugins compatible for Editor in 0.46 ms, found 0 plugins.
Preloading 0 native plugins for Editor in 0.00 ms.
Unloading 2352 Unused Serialized files (Serialized files now loaded: 0)
System memory in use before: 127.3 MB.
System memory in use after: 127.6 MB.

Unloading 4 unused Assets to reduce memory usage. Loaded Objects now: 3342.
Total: 2.767800 ms (FindLiveObjects: 0.352400 ms CreateObjectMapping: 0.076500 ms MarkObjects: 2.324500 ms  DeleteObjects: 0.013200 ms)

AssetImportWorkerClient::OnTransportError - code=2 error=End of file
